<?xml version="1.0" encoding="UTF-8"?>
<coverage generated="1789477746">
  <project timestamp="1789477746" name="Clover Coverage">
    <package name="Spora\Plugins\Typst\Converters">
      <file name="/Users/fabeat/Development/Spora/spora-plugin-typst/src/Converters/TypstSourcePassthroughConverter.php">
        <class name="Spora\Plugins\Typst\Converters\TypstSourcePassthroughConverter" namespace="Spora\Plugins\Typst\Converters">
          <metrics complexity="3" methods="3" coveredmethods="3" conditionals="0" coveredconditionals="0" statements="3" coveredstatements="3" elements="6" coveredelements="6"/>
        </class>
        <line num="29" type="method" name="supportedMimeTypes" visibility="public" complexity="1" crap="1" count="1"/>
        <line num="31" type="stmt" count="1"/>
        <line num="35" type="method" name="supportedExtensions" visibility="public" complexity="1" crap="1" count="1"/>
        <line num="37" type="stmt" count="1"/>
        <line num="40" type="method" name="toMarkdown" visibility="public" complexity="1" crap="1" count="3"/>
        <line num="42" type="stmt" count="3"/>
        <metrics loc="45" ncloc="34" classes="1" methods="3" coveredmethods="3" conditionals="0" coveredconditionals="0" statements="3" coveredstatements="3" elements="6" coveredelements="6"/>
      </file>
    </package>
    <package name="Spora\Plugins\Typst\Exceptions">
      <file name="/Users/fabeat/Development/Spora/spora-plugin-typst/src/Exceptions/TypstCompilationException.php">
        <class name="Spora\Plugins\Typst\Exceptions\TypstCompilationException" namespace="Spora\Plugins\Typst\Exceptions">
          <metrics complexity="1" methods="1" coveredmethods="1" conditionals="0" coveredconditionals="0" statements="1" coveredstatements="1" elements="2" coveredelements="2"/>
        </class>
        <line num="31" type="method" name="__construct" visibility="public" complexity="1" crap="1" count="18"/>
        <line num="36" type="stmt" count="18"/>
        <metrics loc="39" ncloc="20" classes="1" methods="1" coveredmethods="1" conditionals="0" coveredconditionals="0" statements="1" coveredstatements="1" elements="2" coveredelements="2"/>
      </file>
      <file name="/Users/fabeat/Development/Spora/spora-plugin-typst/src/Exceptions/TypstInvalidArgumentException.php">
        <class name="Spora\Plugins\Typst\Exceptions\TypstInvalidArgumentException" namespace="Spora\Plugins\Typst\Exceptions">
          <metrics complexity="0" methods="0" coveredmethods="0" conditionals="0" coveredconditionals="0" statements="0" coveredstatements="0" elements="0" coveredelements="0"/>
        </class>
        <metrics loc="20" ncloc="10" classes="0" methods="0" coveredmethods="0" conditionals="0" coveredconditionals="0" statements="0" coveredstatements="0" elements="0" coveredelements="0"/>
      </file>
      <file name="/Users/fabeat/Development/Spora/spora-plugin-typst/src/Exceptions/TypstRuntimeException.php">
        <class name="Spora\Plugins\Typst\Exceptions\TypstRuntimeException" namespace="Spora\Plugins\Typst\Exceptions">
          <metrics complexity="1" methods="1" coveredmethods="1" conditionals="0" coveredconditionals="0" statements="1" coveredstatements="1" elements="2" coveredelements="2"/>
        </class>
        <line num="24" type="method" name="__construct" visibility="public" complexity="1" crap="1" count="59"/>
        <line num="26" type="stmt" count="59"/>
        <metrics loc="29" ncloc="17" classes="1" methods="1" coveredmethods="1" conditionals="0" coveredconditionals="0" statements="1" coveredstatements="1" elements="2" coveredelements="2"/>
      </file>
    </package>
    <package name="Spora\Plugins\Typst\Http">
      <file name="/Users/fabeat/Development/Spora/spora-plugin-typst/src/Http/AbstractTypstTextResourceController.php">
        <class name="Spora\Plugins\Typst\Http\AbstractTypstTextResourceController" namespace="Spora\Plugins\Typst\Http">
          <metrics complexity="38" methods="12" coveredmethods="5" conditionals="0" coveredconditionals="0" statements="113" coveredstatements="98" elements="125" coveredelements="103"/>
        </class>
        <class name="Spora\Plugins\Typst\Http\ResourceValidationFailed" namespace="Spora\Plugins\Typst\Http">
          <metrics complexity="1" methods="1" coveredmethods="1" conditionals="0" coveredconditionals="0" statements="1" coveredstatements="1" elements="2" coveredelements="2"/>
        </class>
        <class name="Spora\Plugins\Typst\Http\ResourcePrincipalNotVisible" namespace="Spora\Plugins\Typst\Http">
          <metrics complexity="1" methods="1" coveredmethods="1" conditionals="0" coveredconditionals="0" statements="1" coveredstatements="1" elements="2" coveredelements="2"/>
        </class>
        <line num="34" type="method" name="__construct" visibility="public" complexity="1" crap="1" count="19"/>
        <line num="37" type="stmt" count="19"/>
        <line num="44" type="method" name="index" visibility="public" complexity="4" crap="4.01" count="6"/>
        <line num="46" type="stmt" count="6"/>
        <line num="47" type="stmt" count="6"/>
        <line num="48" type="stmt" count="0"/>
        <line num="54" type="stmt" count="6"/>
        <line num="56" type="stmt" count="6"/>
        <line num="57" type="stmt" count="1"/>
        <line num="58" type="stmt" count="1"/>
        <line num="60" type="stmt" count="5"/>
        <line num="62" type="stmt" count="5"/>
        <line num="63" type="stmt" count="5"/>
        <line num="64" type="stmt" count="5"/>
        <line num="65" type="stmt" count="5"/>
        <line num="66" type="stmt" count="5"/>
        <line num="69" type="method" name="show" visibility="public" complexity="3" crap="3.04" count="6"/>
        <line num="72" type="stmt" count="6"/>
        <line num="73" type="stmt" count="6"/>
        <line num="74" type="stmt" count="0"/>
        <line num="75" type="stmt" count="0"/>
        <line num="77" type="stmt" count="6"/>
        <line num="78" type="stmt" count="6"/>
        <line num="79" type="stmt" count="1"/>
        <line num="81" type="stmt" count="5"/>
        <line num="82" type="stmt" count="5"/>
        <line num="83" type="stmt" count="5"/>
        <line num="84" type="stmt" count="5"/>
        <line num="85" type="stmt" count="5"/>
        <line num="88" type="method" name="store" visibility="public" complexity="3" crap="3.01" count="6"/>
        <line num="91" type="stmt" count="6"/>
        <line num="92" type="stmt" count="5"/>
        <line num="93" type="stmt" count="4"/>
        <line num="94" type="stmt" count="2"/>
        <line num="95" type="stmt" count="2"/>
        <line num="96" type="stmt" count="0"/>
        <line num="97" type="stmt" count="0"/>
        <line num="100" type="stmt" count="4"/>
        <line num="101" type="stmt" count="4"/>
        <line num="102" type="stmt" count="4"/>
        <line num="103" type="stmt" count="4"/>
        <line num="104" type="stmt" count="4"/>
        <line num="105" type="stmt" count="4"/>
        <line num="106" type="stmt" count="4"/>
        <line num="107" type="stmt" count="4"/>
        <line num="108" type="stmt" count="4"/>
        <line num="109" type="stmt" count="4"/>
        <line num="110" type="stmt" count="4"/>
        <line num="136" type="method" name="update" visibility="public" complexity="3" crap="3" count="6"/>
        <line num="139" type="stmt" count="6"/>
        <line num="140" type="stmt" count="6"/>
        <line num="141" type="stmt" count="6"/>
        <line num="142" type="stmt" count="4"/>
        <line num="143" type="stmt" count="3"/>
        <line num="144" type="stmt" count="2"/>
        <line num="145" type="stmt" count="1"/>
        <line num="146" type="stmt" count="1"/>
        <line num="149" type="stmt" count="3"/>
        <line num="150" type="stmt" count="3"/>
        <line num="151" type="stmt" count="3"/>
        <line num="152" type="stmt" count="3"/>
        <line num="153" type="stmt" count="3"/>
        <line num="154" type="stmt" count="3"/>
        <line num="155" type="stmt" count="3"/>
        <line num="156" type="stmt" count="3"/>
        <line num="157" type="stmt" count="3"/>
        <line num="158" type="stmt" count="3"/>
        <line num="159" type="stmt" count="3"/>
        <line num="165" type="method" name="parseStoreInputs" visibility="private" complexity="5" crap="5.58" count="5"/>
        <line num="167" type="stmt" count="5"/>
        <line num="168" type="stmt" count="5"/>
        <line num="169" type="stmt" count="0"/>
        <line num="171" type="stmt" count="5"/>
        <line num="172" type="stmt" count="5"/>
        <line num="174" type="stmt" count="5"/>
        <line num="175" type="stmt" count="1"/>
        <line num="176" type="stmt" count="1"/>
        <line num="177" type="stmt" count="1"/>
        <line num="179" type="stmt" count="4"/>
        <line num="180" type="stmt" count="0"/>
        <line num="181" type="stmt" count="0"/>
        <line num="182" type="stmt" count="0"/>
        <line num="185" type="stmt" count="4"/>
        <line num="193" type="method" name="parseUpdateContent" visibility="private" complexity="4" crap="4.02" count="6"/>
        <line num="195" type="stmt" count="6"/>
        <line num="196" type="stmt" count="6"/>
        <line num="197" type="stmt" count="0"/>
        <line num="199" type="stmt" count="6"/>
        <line num="200" type="stmt" count="6"/>
        <line num="201" type="stmt" count="2"/>
        <line num="202" type="stmt" count="2"/>
        <line num="203" type="stmt" count="2"/>
        <line num="205" type="stmt" count="4"/>
        <line num="208" type="method" name="destroy" visibility="public" complexity="3" crap="4.12" count="3"/>
        <line num="211" type="stmt" count="3"/>
        <line num="212" type="stmt" count="3"/>
        <line num="213" type="stmt" count="3"/>
        <line num="214" type="stmt" count="0"/>
        <line num="215" type="stmt" count="0"/>
        <line num="216" type="stmt" count="0"/>
        <line num="217" type="stmt" count="0"/>
        <line num="219" type="stmt" count="3"/>
        <line num="231" type="method" name="storeForRequest" visibility="protected" complexity="4" crap="4.03" count="15"/>
        <line num="233" type="stmt" count="15"/>
        <line num="234" type="stmt" count="15"/>
        <line num="235" type="stmt" count="0"/>
        <line num="237" type="stmt" count="15"/>
        <line num="239" type="stmt" count="15"/>
        <line num="240" type="stmt" count="1"/>
        <line num="241" type="stmt" count="1"/>
        <line num="243" type="stmt" count="14"/>
        <line num="246" type="method" name="storeForPrincipal" visibility="protected" complexity="1" crap="1" count="17"/>
        <line num="248" type="stmt" count="17"/>
        <line num="249" type="stmt" count="17"/>
        <line num="252" type="method" name="resolvePrincipalId" visibility="protected" complexity="5" crap="5" count="19"/>
        <line num="254" type="stmt" count="19"/>
        <line num="255" type="stmt" count="19"/>
        <line num="256" type="stmt" count="16"/>
        <line num="258" type="stmt" count="5"/>
        <line num="259" type="stmt" count="5"/>
        <line num="260" type="stmt" count="2"/>
        <line num="262" type="stmt" count="3"/>
        <line num="265" type="method" name="paths" visibility="protected" complexity="2" crap="2" count="17"/>
        <line num="267" type="stmt" count="17"/>
        <line num="268" type="stmt" count="17"/>
        <line num="293" type="method" name="__construct" visibility="public" complexity="1" crap="1" count="3"/>
        <line num="295" type="stmt" count="3"/>
        <line num="306" type="method" name="__construct" visibility="public" complexity="1" crap="1" count="1"/>
        <line num="308" type="stmt" count="1"/>
        <metrics loc="311" ncloc="232" classes="3" methods="14" coveredmethods="7" conditionals="0" coveredconditionals="0" statements="115" coveredstatements="100" elements="129" coveredelements="107"/>
      </file>
      <file name="/Users/fabeat/Development/Spora/spora-plugin-typst/src/Http/CompileInputValidation.php">
        <class name="Spora\Plugins\Typst\Http\CompileInputValidation" namespace="Spora\Plugins\Typst\Http">
          <metrics complexity="1" methods="1" coveredmethods="1" conditionals="0" coveredconditionals="0" statements="1" coveredstatements="1" elements="2" coveredelements="2"/>
        </class>
        <line num="24" type="method" name="__construct" visibility="public" complexity="1" crap="1" count="18"/>
        <line num="26" type="stmt" count="18"/>
        <metrics loc="29" ncloc="17" classes="1" methods="1" coveredmethods="1" conditionals="0" coveredconditionals="0" statements="1" coveredstatements="1" elements="2" coveredelements="2"/>
      </file>
      <file name="/Users/fabeat/Development/Spora/spora-plugin-typst/src/Http/CompileInputs.php">
        <class name="Spora\Plugins\Typst\Http\CompileInputs" namespace="Spora\Plugins\Typst\Http">
          <metrics complexity="1" methods="1" coveredmethods="1" conditionals="0" coveredconditionals="0" statements="1" coveredstatements="1" elements="2" coveredelements="2"/>
        </class>
        <line num="18" type="method" name="__construct" visibility="public" complexity="1" crap="1" count="43"/>
        <line num="32" type="stmt" count="43"/>
        <metrics loc="34" ncloc="17" classes="1" methods="1" coveredmethods="1" conditionals="0" coveredconditionals="0" statements="1" coveredstatements="1" elements="2" coveredelements="2"/>
      </file>
      <file name="/Users/fabeat/Development/Spora/spora-plugin-typst/src/Http/TypstCompileController.php">
        <class name="Spora\Plugins\Typst\Http\TypstCompileController" namespace="Spora\Plugins\Typst\Http">
          <metrics complexity="46" methods="19" coveredmethods="14" conditionals="0" coveredconditionals="0" statements="168" coveredstatements="159" elements="187" coveredelements="173"/>
        </class>
        <class name="Spora\Plugins\Typst\Http\CompileStepFailed" namespace="Spora\Plugins\Typst\Http">
          <metrics complexity="1" methods="1" coveredmethods="1" conditionals="0" coveredconditionals="0" statements="1" coveredstatements="1" elements="2" coveredelements="2"/>
        </class>
        <line num="73" type="method" name="__construct" visibility="public" complexity="1" crap="1" count="51"/>
        <line num="80" type="stmt" count="51"/>
        <line num="85" type="method" name="compile" visibility="public" complexity="3" crap="3" count="24"/>
        <line num="88" type="stmt" count="24"/>
        <line num="89" type="stmt" count="22"/>
        <line num="90" type="stmt" count="18"/>
        <line num="91" type="stmt" count="18"/>
        <line num="92" type="stmt" count="1"/>
        <line num="93" type="stmt" count="1"/>
        <line num="94" type="stmt" count="1"/>
        <line num="95" type="stmt" count="1"/>
        <line num="96" type="stmt" count="1"/>
        <line num="98" type="stmt" count="17"/>
        <line num="99" type="stmt" count="6"/>
        <line num="100" type="stmt" count="6"/>
        <line num="104" type="method" name="requireUserId" visibility="private" complexity="3" crap="3" count="24"/>
        <line num="106" type="stmt" count="24"/>
        <line num="107" type="stmt" count="24"/>
        <line num="108" type="stmt" count="2"/>
        <line num="110" type="stmt" count="22"/>
        <line num="120" type="method" name="runCompile" visibility="private" complexity="2" crap="2" count="17"/>
        <line num="127" type="stmt" count="17"/>
        <line num="128" type="stmt" count="17"/>
        <line num="129" type="stmt" count="11"/>
        <line num="130" type="stmt" count="11"/>
        <line num="131" type="stmt" count="11"/>
        <line num="132" type="stmt" count="11"/>
        <line num="133" type="stmt" count="11"/>
        <line num="134" type="stmt" count="11"/>
        <line num="135" type="stmt" count="11"/>
        <line num="136" type="stmt" count="11"/>
        <line num="137" type="stmt" count="7"/>
        <line num="138" type="stmt" count="7"/>
        <line num="141" type="stmt" count="10"/>
        <line num="143" type="stmt" count="10"/>
        <line num="146" type="method" name="safeMaterialiseInlineSource" visibility="private" complexity="2" crap="3.19" count="17"/>
        <line num="149" type="stmt" count="17"/>
        <line num="150" type="stmt" count="0"/>
        <line num="151" type="stmt" count="0"/>
        <line num="155" type="method" name="safeProduce" visibility="private" complexity="2" crap="2" count="17"/>
        <line num="158" type="stmt" count="17"/>
        <line num="159" type="stmt" count="17"/>
        <line num="160" type="stmt" count="17"/>
        <line num="161" type="stmt" count="17"/>
        <line num="162" type="stmt" count="17"/>
        <line num="163" type="stmt" count="17"/>
        <line num="164" type="stmt" count="17"/>
        <line num="165" type="stmt" count="17"/>
        <line num="166" type="stmt" count="6"/>
        <line num="167" type="stmt" count="6"/>
        <line num="171" type="method" name="safePersistDerivative" visibility="private" complexity="2" crap="2" count="11"/>
        <line num="180" type="stmt" count="11"/>
        <line num="181" type="stmt" count="11"/>
        <line num="182" type="stmt" count="11"/>
        <line num="183" type="stmt" count="11"/>
        <line num="184" type="stmt" count="11"/>
        <line num="185" type="stmt" count="11"/>
        <line num="186" type="stmt" count="11"/>
        <line num="187" type="stmt" count="11"/>
        <line num="188" type="stmt" count="11"/>
        <line num="189" type="stmt" count="1"/>
        <line num="190" type="stmt" count="1"/>
        <line num="199" type="method" name="pipelineErrorResponse" visibility="private" complexity="4" crap="4.25" count="7"/>
        <line num="201" type="stmt" count="7"/>
        <line num="202" type="stmt" count="7"/>
        <line num="203" type="stmt" count="0"/>
        <line num="205" type="stmt" count="7"/>
        <line num="206" type="stmt" count="6"/>
        <line num="208" type="stmt" count="1"/>
        <line num="209" type="stmt" count="1"/>
        <line num="211" type="stmt" count="0"/>
        <line num="214" type="method" name="sourceErrorResponse" visibility="private" complexity="1" crap="2" count="0"/>
        <line num="216" type="stmt" count="0"/>
        <line num="223" type="method" name="produceErrorResponse" visibility="private" complexity="4" crap="4" count="6"/>
        <line num="225" type="stmt" count="6"/>
        <line num="226" type="stmt" count="6"/>
        <line num="227" type="stmt" count="3"/>
        <line num="229" type="stmt" count="3"/>
        <line num="230" type="stmt" count="2"/>
        <line num="232" type="stmt" count="1"/>
        <line num="233" type="stmt" count="1"/>
        <line num="234" type="stmt" count="1"/>
        <line num="235" type="stmt" count="1"/>
        <line num="236" type="stmt" count="1"/>
        <line num="239" type="method" name="derivativeErrorResponse" visibility="private" complexity="1" crap="1" count="1"/>
        <line num="241" type="stmt" count="1"/>
        <line num="242" type="stmt" count="1"/>
        <line num="243" type="stmt" count="1"/>
        <line num="244" type="stmt" count="1"/>
        <line num="245" type="stmt" count="1"/>
        <line num="253" type="method" name="compilationFailureResponse" visibility="private" complexity="1" crap="1" count="3"/>
        <line num="255" type="stmt" count="3"/>
        <line num="256" type="stmt" count="3"/>
        <line num="257" type="stmt" count="3"/>
        <line num="258" type="stmt" count="3"/>
        <line num="259" type="stmt" count="3"/>
        <line num="260" type="stmt" count="3"/>
        <line num="261" type="stmt" count="3"/>
        <line num="262" type="stmt" count="3"/>
        <line num="263" type="stmt" count="3"/>
        <line num="264" type="stmt" count="3"/>
        <line num="270" type="method" name="buildCompilePayload" visibility="private" complexity="3" crap="3" count="10"/>
        <line num="272" type="stmt" count="10"/>
        <line num="273" type="stmt" count="10"/>
        <line num="274" type="stmt" count="10"/>
        <line num="275" type="stmt" count="10"/>
        <line num="276" type="stmt" count="10"/>
        <line num="277" type="stmt" count="10"/>
        <line num="278" type="stmt" count="10"/>
        <line num="279" type="stmt" count="10"/>
        <line num="280" type="stmt" count="10"/>
        <line num="281" type="stmt" count="10"/>
        <line num="282" type="stmt" count="10"/>
        <line num="284" type="stmt" count="10"/>
        <line num="285" type="stmt" count="8"/>
        <line num="286" type="stmt" count="8"/>
        <line num="287" type="stmt" count="8"/>
        <line num="291" type="stmt" count="10"/>
        <line num="294" type="method" name="findProducer" visibility="private" complexity="4" crap="4.07" count="18"/>
        <line num="296" type="stmt" count="18"/>
        <line num="297" type="stmt" count="10"/>
        <line num="299" type="stmt" count="8"/>
        <line num="300" type="stmt" count="8"/>
        <line num="301" type="stmt" count="8"/>
        <line num="304" type="stmt" count="0"/>
        <line num="319" type="method" name="resolveContext" visibility="private" complexity="1" crap="1" count="17"/>
        <line num="321" type="stmt" count="17"/>
        <line num="322" type="stmt" count="17"/>
        <line num="323" type="stmt" count="17"/>
        <line num="324" type="stmt" count="17"/>
        <line num="325" type="stmt" count="17"/>
        <line num="326" type="stmt" count="17"/>
        <line num="327" type="stmt" count="17"/>
        <line num="335" type="method" name="resolvePrincipal" visibility="private" complexity="6" crap="6" count="17"/>
        <line num="337" type="stmt" count="17"/>
        <line num="338" type="stmt" count="17"/>
        <line num="339" type="stmt" count="2"/>
        <line num="340" type="stmt" count="2"/>
        <line num="341" type="stmt" count="1"/>
        <line num="342" type="stmt" count="1"/>
        <line num="343" type="stmt" count="1"/>
        <line num="347" type="stmt" count="16"/>
        <line num="363" type="method" name="materialiseInlineSource" visibility="private" complexity="2" crap="2" count="17"/>
        <line num="365" type="stmt" count="17"/>
        <line num="366" type="stmt" count="17"/>
        <line num="367" type="stmt" count="17"/>
        <line num="368" type="stmt" count="17"/>
        <line num="369" type="stmt" count="17"/>
        <line num="370" type="stmt" count="17"/>
        <line num="371" type="stmt" count="17"/>
        <line num="372" type="stmt" count="17"/>
        <line num="373" type="stmt" count="17"/>
        <line num="374" type="stmt" count="17"/>
        <line num="375" type="stmt" count="17"/>
        <line num="376" type="stmt" count="17"/>
        <line num="377" type="stmt" count="17"/>
        <line num="378" type="stmt" count="17"/>
        <line num="379" type="stmt" count="17"/>
        <line num="380" type="stmt" count="17"/>
        <line num="381" type="stmt" count="17"/>
        <line num="382" type="stmt" count="17"/>
        <line num="383" type="stmt" count="17"/>
        <line num="384" type="stmt" count="17"/>
        <line num="385" type="stmt" count="17"/>
        <line num="387" type="stmt" count="17"/>
        <line num="401" type="method" name="firstPagePngUrl" visibility="private" complexity="3" crap="3.06" count="8"/>
        <line num="403" type="stmt" count="8"/>
        <line num="404" type="stmt" count="8"/>
        <line num="405" type="stmt" count="0"/>
        <line num="408" type="stmt" count="8"/>
        <line num="409" type="stmt" count="8"/>
        <line num="410" type="stmt" count="8"/>
        <line num="411" type="stmt" count="8"/>
        <line num="412" type="stmt" count="8"/>
        <line num="413" type="stmt" count="8"/>
        <line num="414" type="stmt" count="8"/>
        <line num="415" type="stmt" count="8"/>
        <line num="416" type="stmt" count="8"/>
        <line num="417" type="stmt" count="8"/>
        <line num="418" type="stmt" count="0"/>
        <line num="419" type="stmt" count="0"/>
        <line num="421" type="stmt" count="8"/>
        <line num="429" type="method" name="generateUuid" visibility="private" complexity="1" crap="1" count="17"/>
        <line num="431" type="stmt" count="17"/>
        <line num="432" type="stmt" count="17"/>
        <line num="433" type="stmt" count="17"/>
        <line num="434" type="stmt" count="17"/>
        <line num="453" type="method" name="__construct" visibility="public" complexity="1" crap="1" count="7"/>
        <line num="457" type="stmt" count="7"/>
        <metrics loc="460" ncloc="339" classes="2" methods="20" coveredmethods="15" conditionals="0" coveredconditionals="0" statements="169" coveredstatements="160" elements="189" coveredelements="175"/>
      </file>
      <file name="/Users/fabeat/Development/Spora/spora-plugin-typst/src/Http/TypstCompileInputValidator.php">
        <class name="Spora\Plugins\Typst\Http\TypstCompileInputValidator" namespace="Spora\Plugins\Typst\Http">
          <metrics complexity="11" methods="4" coveredmethods="4" conditionals="0" coveredconditionals="0" statements="29" coveredstatements="29" elements="33" coveredelements="33"/>
        </class>
        <line num="62" type="method" name="parseCompileInputs" visibility="public" complexity="4" crap="4" count="58"/>
        <line num="64" type="stmt" count="58"/>
        <line num="65" type="stmt" count="58"/>
        <line num="66" type="stmt" count="3"/>
        <line num="69" type="stmt" count="55"/>
        <line num="70" type="stmt" count="50"/>
        <line num="71" type="stmt" count="46"/>
        <line num="72" type="stmt" count="43"/>
        <line num="73" type="stmt" count="43"/>
        <line num="75" type="stmt" count="43"/>
        <line num="82" type="method" name="extractSource" visibility="private" complexity="3" crap="3" count="55"/>
        <line num="84" type="stmt" count="55"/>
        <line num="85" type="stmt" count="55"/>
        <line num="86" type="stmt" count="5"/>
        <line num="87" type="stmt" count="5"/>
        <line num="88" type="stmt" count="5"/>
        <line num="90" type="stmt" count="50"/>
        <line num="97" type="method" name="extractFormat" visibility="private" complexity="2" crap="2" count="46"/>
        <line num="99" type="stmt" count="46"/>
        <line num="100" type="stmt" count="46"/>
        <line num="101" type="stmt" count="3"/>
        <line num="102" type="stmt" count="3"/>
        <line num="103" type="stmt" count="3"/>
        <line num="104" type="stmt" count="3"/>
        <line num="105" type="stmt" count="3"/>
        <line num="106" type="stmt" count="3"/>
        <line num="108" type="stmt" count="43"/>
        <line num="122" type="method" name="validateName" visibility="private" complexity="2" crap="2" count="50"/>
        <line num="125" type="stmt" count="50"/>
        <line num="126" type="stmt" count="4"/>
        <line num="127" type="stmt" count="4"/>
        <line num="128" type="stmt" count="4"/>
        <line num="129" type="stmt" count="4"/>
        <metrics loc="133" ncloc="72" classes="1" methods="4" coveredmethods="4" conditionals="0" coveredconditionals="0" statements="29" coveredstatements="29" elements="33" coveredelements="33"/>
      </file>
      <file name="/Users/fabeat/Development/Spora/spora-plugin-typst/src/Http/TypstDiagnosticFormatter.php">
        <class name="Spora\Plugins\Typst\Http\TypstDiagnosticFormatter" namespace="Spora\Plugins\Typst\Http">
          <metrics complexity="18" methods="5" coveredmethods="4" conditionals="0" coveredconditionals="0" statements="50" coveredstatements="49" elements="55" coveredelements="53"/>
        </class>
        <line num="51" type="method" name="diagnostics" visibility="public" complexity="5" crap="5" count="12"/>
        <line num="53" type="stmt" count="12"/>
        <line num="54" type="stmt" count="12"/>
        <line num="55" type="stmt" count="9"/>
        <line num="56" type="stmt" count="9"/>
        <line num="57" type="stmt" count="9"/>
        <line num="58" type="stmt" count="9"/>
        <line num="59" type="stmt" count="9"/>
        <line num="60" type="stmt" count="9"/>
        <line num="61" type="stmt" count="9"/>
        <line num="62" type="stmt" count="7"/>
        <line num="64" type="stmt" count="9"/>
        <line num="66" type="stmt" count="12"/>
        <line num="67" type="stmt" count="3"/>
        <line num="68" type="stmt" count="3"/>
        <line num="69" type="stmt" count="3"/>
        <line num="70" type="stmt" count="3"/>
        <line num="71" type="stmt" count="3"/>
        <line num="72" type="stmt" count="3"/>
        <line num="73" type="stmt" count="3"/>
        <line num="74" type="stmt" count="1"/>
        <line num="76" type="stmt" count="3"/>
        <line num="78" type="stmt" count="12"/>
        <line num="95" type="method" name="sanitise" visibility="public" complexity="1" crap="1" count="23"/>
        <line num="97" type="stmt" count="23"/>
        <line num="98" type="stmt" count="23"/>
        <line num="99" type="stmt" count="23"/>
        <line num="100" type="stmt" count="23"/>
        <line num="101" type="stmt" count="23"/>
        <line num="104" type="stmt" count="23"/>
        <line num="105" type="stmt" count="23"/>
        <line num="106" type="stmt" count="23"/>
        <line num="107" type="stmt" count="23"/>
        <line num="108" type="stmt" count="23"/>
        <line num="112" type="stmt" count="23"/>
        <line num="113" type="stmt" count="23"/>
        <line num="114" type="stmt" count="23"/>
        <line num="115" type="stmt" count="23"/>
        <line num="116" type="stmt" count="23"/>
        <line num="117" type="stmt" count="23"/>
        <line num="134" type="method" name="severityLabel" visibility="private" complexity="4" crap="4.25" count="9"/>
        <line num="136" type="stmt" count="0"/>
        <line num="137" type="stmt" count="9"/>
        <line num="138" type="stmt" count="1"/>
        <line num="139" type="stmt" count="9"/>
        <line num="157" type="method" name="resolveHint" visibility="private" complexity="3" crap="3" count="9"/>
        <line num="161" type="stmt" count="9"/>
        <line num="162" type="stmt" count="9"/>
        <line num="163" type="stmt" count="1"/>
        <line num="165" type="stmt" count="8"/>
        <line num="178" type="method" name="hintFor" visibility="private" complexity="5" crap="5" count="11"/>
        <line num="189" type="stmt" count="11"/>
        <line num="192" type="stmt" count="6"/>
        <line num="195" type="stmt" count="5"/>
        <line num="196" type="stmt" count="11"/>
        <metrics loc="200" ncloc="90" classes="1" methods="5" coveredmethods="4" conditionals="0" coveredconditionals="0" statements="50" coveredstatements="49" elements="55" coveredelements="53"/>
      </file>
      <file name="/Users/fabeat/Development/Spora/spora-plugin-typst/src/Http/TypstExampleController.php">
        <class name="Spora\Plugins\Typst\Http\TypstExampleController" namespace="Spora\Plugins\Typst\Http">
          <metrics complexity="3" methods="3" coveredmethods="3" conditionals="0" coveredconditionals="0" statements="3" coveredstatements="3" elements="6" coveredelements="6"/>
        </class>
        <line num="20" type="method" name="kind" visibility="protected" complexity="1" crap="1" count="5"/>
        <line num="22" type="stmt" count="5"/>
        <line num="25" type="method" name="pluralName" visibility="protected" complexity="1" crap="1" count="2"/>
        <line num="27" type="stmt" count="2"/>
        <line num="30" type="method" name="singularName" visibility="protected" complexity="1" crap="1" count="3"/>
        <line num="32" type="stmt" count="3"/>
        <metrics loc="35" ncloc="26" classes="1" methods="3" coveredmethods="3" conditionals="0" coveredconditionals="0" statements="3" coveredstatements="3" elements="6" coveredelements="6"/>
      </file>
      <file name="/Users/fabeat/Development/Spora/spora-plugin-typst/src/Http/TypstFontController.php">
        <class name="Spora\Plugins\Typst\Http\TypstFontController" namespace="Spora\Plugins\Typst\Http">
          <metrics complexity="37" methods="11" coveredmethods="7" conditionals="0" coveredconditionals="0" statements="94" coveredstatements="83" elements="105" coveredelements="90"/>
        </class>
        <class name="Spora\Plugins\Typst\Http\FontValidationFailed" namespace="Spora\Plugins\Typst\Http">
          <metrics complexity="1" methods="1" coveredmethods="1" conditionals="0" coveredconditionals="0" statements="1" coveredstatements="1" elements="2" coveredelements="2"/>
        </class>
        <class name="Spora\Plugins\Typst\Http\FontPrincipalNotVisible" namespace="Spora\Plugins\Typst\Http">
          <metrics complexity="1" methods="1" coveredmethods="1" conditionals="0" coveredconditionals="0" statements="1" coveredstatements="1" elements="2" coveredelements="2"/>
        </class>
        <line num="36" type="method" name="__construct" visibility="public" complexity="1" crap="1" count="14"/>
        <line num="39" type="stmt" count="14"/>
        <line num="55" type="method" name="index" visibility="public" complexity="4" crap="4" count="5"/>
        <line num="57" type="stmt" count="5"/>
        <line num="58" type="stmt" count="5"/>
        <line num="59" type="stmt" count="1"/>
        <line num="65" type="stmt" count="4"/>
        <line num="67" type="stmt" count="4"/>
        <line num="68" type="stmt" count="1"/>
        <line num="69" type="stmt" count="1"/>
        <line num="71" type="stmt" count="3"/>
        <line num="73" type="stmt" count="3"/>
        <line num="74" type="stmt" count="3"/>
        <line num="75" type="stmt" count="3"/>
        <line num="76" type="stmt" count="3"/>
        <line num="77" type="stmt" count="3"/>
        <line num="83" type="method" name="show" visibility="public" complexity="3" crap="4.79" count="1"/>
        <line num="86" type="stmt" count="1"/>
        <line num="87" type="stmt" count="1"/>
        <line num="88" type="stmt" count="0"/>
        <line num="89" type="stmt" count="0"/>
        <line num="91" type="stmt" count="1"/>
        <line num="92" type="stmt" count="1"/>
        <line num="93" type="stmt" count="1"/>
        <line num="95" type="stmt" count="0"/>
        <line num="96" type="stmt" count="0"/>
        <line num="97" type="stmt" count="0"/>
        <line num="98" type="stmt" count="0"/>
        <line num="99" type="stmt" count="0"/>
        <line num="106" type="method" name="store" visibility="public" complexity="3" crap="3.01" count="7"/>
        <line num="109" type="stmt" count="7"/>
        <line num="110" type="stmt" count="6"/>
        <line num="111" type="stmt" count="3"/>
        <line num="112" type="stmt" count="3"/>
        <line num="113" type="stmt" count="4"/>
        <line num="114" type="stmt" count="4"/>
        <line num="115" type="stmt" count="0"/>
        <line num="116" type="stmt" count="0"/>
        <line num="119" type="stmt" count="3"/>
        <line num="120" type="stmt" count="3"/>
        <line num="121" type="stmt" count="3"/>
        <line num="122" type="stmt" count="3"/>
        <line num="123" type="stmt" count="3"/>
        <line num="124" type="stmt" count="3"/>
        <line num="125" type="stmt" count="3"/>
        <line num="126" type="stmt" count="3"/>
        <line num="127" type="stmt" count="3"/>
        <line num="128" type="stmt" count="3"/>
        <line num="129" type="stmt" count="3"/>
        <line num="135" type="method" name="parseStoreInputs" visibility="private" complexity="5" crap="5" count="6"/>
        <line num="137" type="stmt" count="6"/>
        <line num="138" type="stmt" count="6"/>
        <line num="139" type="stmt" count="1"/>
        <line num="141" type="stmt" count="5"/>
        <line num="142" type="stmt" count="5"/>
        <line num="144" type="stmt" count="5"/>
        <line num="145" type="stmt" count="1"/>
        <line num="146" type="stmt" count="1"/>
        <line num="147" type="stmt" count="1"/>
        <line num="149" type="stmt" count="4"/>
        <line num="150" type="stmt" count="1"/>
        <line num="151" type="stmt" count="1"/>
        <line num="152" type="stmt" count="1"/>
        <line num="155" type="stmt" count="3"/>
        <line num="161" type="method" name="destroy" visibility="public" complexity="3" crap="3.02" count="3"/>
        <line num="164" type="stmt" count="3"/>
        <line num="165" type="stmt" count="3"/>
        <line num="166" type="stmt" count="3"/>
        <line num="167" type="stmt" count="1"/>
        <line num="168" type="stmt" count="0"/>
        <line num="169" type="stmt" count="1"/>
        <line num="174" type="stmt" count="1"/>
        <line num="176" type="stmt" count="2"/>
        <line num="188" type="method" name="storeForRequest" visibility="private" complexity="4" crap="4.03" count="10"/>
        <line num="190" type="stmt" count="10"/>
        <line num="191" type="stmt" count="10"/>
        <line num="192" type="stmt" count="0"/>
        <line num="194" type="stmt" count="10"/>
        <line num="196" type="stmt" count="10"/>
        <line num="197" type="stmt" count="1"/>
        <line num="198" type="stmt" count="1"/>
        <line num="200" type="stmt" count="9"/>
        <line num="209" type="method" name="storeForPrincipal" visibility="private" complexity="1" crap="1" count="11"/>
        <line num="211" type="stmt" count="11"/>
        <line num="212" type="stmt" count="11"/>
        <line num="224" type="method" name="resolvePrincipalId" visibility="private" complexity="5" crap="5" count="13"/>
        <line num="226" type="stmt" count="13"/>
        <line num="227" type="stmt" count="13"/>
        <line num="228" type="stmt" count="10"/>
        <line num="230" type="stmt" count="4"/>
        <line num="231" type="stmt" count="4"/>
        <line num="232" type="stmt" count="2"/>
        <line num="234" type="stmt" count="2"/>
        <line num="237" type="method" name="paths" visibility="private" complexity="2" crap="2" count="11"/>
        <line num="239" type="stmt" count="11"/>
        <line num="240" type="stmt" count="11"/>
        <line num="243" type="method" name="decodeContent" visibility="private" complexity="6" crap="6" count="3"/>
        <line num="245" type="stmt" count="3"/>
        <line num="247" type="stmt" count="3"/>
        <line num="248" type="stmt" count="3"/>
        <line num="249" type="stmt" count="3"/>
        <line num="251" type="stmt" count="1"/>
        <line num="252" type="stmt" count="1"/>
        <line num="253" type="stmt" count="1"/>
        <line num="256" type="stmt" count="2"/>
        <line num="269" type="method" name="__construct" visibility="public" complexity="1" crap="1" count="3"/>
        <line num="271" type="stmt" count="3"/>
        <line num="282" type="method" name="__construct" visibility="public" complexity="1" crap="1" count="1"/>
        <line num="284" type="stmt" count="1"/>
        <metrics loc="287" ncloc="202" classes="3" methods="13" coveredmethods="9" conditionals="0" coveredconditionals="0" statements="96" coveredstatements="85" elements="109" coveredelements="94"/>
      </file>
      <file name="/Users/fabeat/Development/Spora/spora-plugin-typst/src/Http/TypstImageController.php">
        <class name="Spora\Plugins\Typst\Http\TypstImageController" namespace="Spora\Plugins\Typst\Http">
          <metrics complexity="38" methods="12" coveredmethods="6" conditionals="0" coveredconditionals="0" statements="121" coveredstatements="113" elements="133" coveredelements="119"/>
        </class>
        <class name="Spora\Plugins\Typst\Http\ImageValidationFailed" namespace="Spora\Plugins\Typst\Http">
          <metrics complexity="1" methods="1" coveredmethods="1" conditionals="0" coveredconditionals="0" statements="1" coveredstatements="1" elements="2" coveredelements="2"/>
        </class>
        <class name="Spora\Plugins\Typst\Http\ImagePrincipalNotVisible" namespace="Spora\Plugins\Typst\Http">
          <metrics complexity="1" methods="1" coveredmethods="1" conditionals="0" coveredconditionals="0" statements="1" coveredstatements="1" elements="2" coveredelements="2"/>
        </class>
        <line num="41" type="method" name="__construct" visibility="public" complexity="1" crap="1" count="15"/>
        <line num="45" type="stmt" count="15"/>
        <line num="50" type="method" name="index" visibility="public" complexity="4" crap="4" count="4"/>
        <line num="52" type="stmt" count="4"/>
        <line num="53" type="stmt" count="4"/>
        <line num="54" type="stmt" count="0"/>
        <line num="60" type="stmt" count="4"/>
        <line num="62" type="stmt" count="4"/>
        <line num="63" type="stmt" count="1"/>
        <line num="64" type="stmt" count="1"/>
        <line num="66" type="stmt" count="3"/>
        <line num="67" type="stmt" count="3"/>
        <line num="69" type="stmt" count="3"/>
        <line num="70" type="stmt" count="3"/>
        <line num="71" type="stmt" count="3"/>
        <line num="72" type="stmt" count="3"/>
        <line num="73" type="stmt" count="3"/>
        <line num="74" type="stmt" count="3"/>
        <line num="75" type="stmt" count="3"/>
        <line num="76" type="stmt" count="3"/>
        <line num="77" type="stmt" count="3"/>
        <line num="78" type="stmt" count="3"/>
        <line num="79" type="stmt" count="3"/>
        <line num="80" type="stmt" count="3"/>
        <line num="81" type="stmt" count="3"/>
        <line num="82" type="stmt" count="3"/>
        <line num="93" type="method" name="show" visibility="public" complexity="3" crap="3.03" count="2"/>
        <line num="96" type="stmt" count="2"/>
        <line num="97" type="stmt" count="2"/>
        <line num="98" type="stmt" count="0"/>
        <line num="99" type="stmt" count="0"/>
        <line num="101" type="stmt" count="2"/>
        <line num="102" type="stmt" count="2"/>
        <line num="103" type="stmt" count="1"/>
        <line num="105" type="stmt" count="1"/>
        <line num="106" type="stmt" count="1"/>
        <line num="107" type="stmt" count="1"/>
        <line num="108" type="stmt" count="1"/>
        <line num="109" type="stmt" count="1"/>
        <line num="110" type="stmt" count="1"/>
        <line num="111" type="stmt" count="1"/>
        <line num="123" type="method" name="store" visibility="public" complexity="3" crap="3.00" count="8"/>
        <line num="126" type="stmt" count="8"/>
        <line num="127" type="stmt" count="7"/>
        <line num="128" type="stmt" count="5"/>
        <line num="129" type="stmt" count="5"/>
        <line num="130" type="stmt" count="5"/>
        <line num="131" type="stmt" count="5"/>
        <line num="132" type="stmt" count="5"/>
        <line num="133" type="stmt" count="5"/>
        <line num="134" type="stmt" count="3"/>
        <line num="135" type="stmt" count="3"/>
        <line num="136" type="stmt" count="0"/>
        <line num="137" type="stmt" count="0"/>
        <line num="140" type="stmt" count="5"/>
        <line num="141" type="stmt" count="5"/>
        <line num="142" type="stmt" count="5"/>
        <line num="143" type="stmt" count="5"/>
        <line num="144" type="stmt" count="5"/>
        <line num="145" type="stmt" count="5"/>
        <line num="146" type="stmt" count="5"/>
        <line num="147" type="stmt" count="5"/>
        <line num="148" type="stmt" count="5"/>
        <line num="149" type="stmt" count="5"/>
        <line num="150" type="stmt" count="5"/>
        <line num="151" type="stmt" count="5"/>
        <line num="152" type="stmt" count="5"/>
        <line num="158" type="method" name="parseStoreInputs" visibility="private" complexity="6" crap="6" count="7"/>
        <line num="160" type="stmt" count="7"/>
        <line num="161" type="stmt" count="7"/>
        <line num="162" type="stmt" count="0"/>
        <line num="165" type="stmt" count="7"/>
        <line num="166" type="stmt" count="7"/>
        <line num="167" type="stmt" count="7"/>
        <line num="169" type="stmt" count="7"/>
        <line num="170" type="stmt" count="1"/>
        <line num="171" type="stmt" count="1"/>
        <line num="172" type="stmt" count="1"/>
        <line num="173" type="stmt" count="1"/>
        <line num="174" type="stmt" count="1"/>
        <line num="175" type="stmt" count="1"/>
        <line num="177" type="stmt" count="6"/>
        <line num="178" type="stmt" count="1"/>
        <line num="179" type="stmt" count="1"/>
        <line num="180" type="stmt" count="1"/>
        <line num="183" type="stmt" count="5"/>
        <line num="184" type="stmt" count="5"/>
        <line num="185" type="stmt" count="5"/>
        <line num="186" type="stmt" count="5"/>
        <line num="187" type="stmt" count="5"/>
        <line num="193" type="method" name="destroy" visibility="public" complexity="3" crap="3.02" count="3"/>
        <line num="196" type="stmt" count="3"/>
        <line num="197" type="stmt" count="3"/>
        <line num="198" type="stmt" count="3"/>
        <line num="199" type="stmt" count="1"/>
        <line num="200" type="stmt" count="0"/>
        <line num="201" type="stmt" count="1"/>
        <line num="202" type="stmt" count="1"/>
        <line num="204" type="stmt" count="2"/>
        <line num="216" type="method" name="storeForRequest" visibility="private" complexity="4" crap="4.03" count="12"/>
        <line num="218" type="stmt" count="12"/>
        <line num="219" type="stmt" count="12"/>
        <line num="220" type="stmt" count="0"/>
        <line num="222" type="stmt" count="12"/>
        <line num="224" type="stmt" count="12"/>
        <line num="225" type="stmt" count="1"/>
        <line num="226" type="stmt" count="1"/>
        <line num="228" type="stmt" count="11"/>
        <line num="231" type="method" name="storeForPrincipal" visibility="private" complexity="1" crap="1" count="13"/>
        <line num="233" type="stmt" count="13"/>
        <line num="234" type="stmt" count="13"/>
        <line num="237" type="method" name="resolvePrincipalId" visibility="private" complexity="5" crap="5" count="15"/>
        <line num="239" type="stmt" count="15"/>
        <line num="240" type="stmt" count="15"/>
        <line num="241" type="stmt" count="13"/>
        <line num="243" type="stmt" count="4"/>
        <line num="244" type="stmt" count="4"/>
        <line num="245" type="stmt" count="2"/>
        <line num="247" type="stmt" count="2"/>
        <line num="250" type="method" name="publicUrlFor" visibility="private" complexity="1" crap="1" count="5"/>
        <line num="252" type="stmt" count="5"/>
        <line num="255" type="method" name="mimeFromName" visibility="private" complexity="1" crap="1" count="1"/>
        <line num="257" type="stmt" count="1"/>
        <line num="258" type="stmt" count="1"/>
        <line num="266" type="method" name="decodeContent" visibility="private" complexity="6" crap="6" count="5"/>
        <line num="268" type="stmt" count="5"/>
        <line num="270" type="stmt" count="5"/>
        <line num="271" type="stmt" count="5"/>
        <line num="272" type="stmt" count="5"/>
        <line num="274" type="stmt" count="3"/>
        <line num="275" type="stmt" count="3"/>
        <line num="276" type="stmt" count="3"/>
        <line num="279" type="stmt" count="2"/>
        <line num="291" type="method" name="__construct" visibility="public" complexity="1" crap="1" count="2"/>
        <line num="293" type="stmt" count="2"/>
        <line num="304" type="method" name="__construct" visibility="public" complexity="1" crap="1" count="1"/>
        <line num="306" type="stmt" count="1"/>
        <metrics loc="309" ncloc="238" classes="3" methods="14" coveredmethods="8" conditionals="0" coveredconditionals="0" statements="123" coveredstatements="115" elements="137" coveredelements="123"/>
      </file>
      <file name="/Users/fabeat/Development/Spora/spora-plugin-typst/src/Http/TypstPlaygroundSourceController.php">
        <class name="Spora\Plugins\Typst\Http\TypstPlaygroundSourceController" namespace="Spora\Plugins\Typst\Http">
          <metrics complexity="61" methods="19" coveredmethods="13" conditionals="0" coveredconditionals="0" statements="211" coveredstatements="198" elements="230" coveredelements="211"/>
        </class>
        <class name="Spora\Plugins\Typst\Http\PlaygroundRequestFailed" namespace="Spora\Plugins\Typst\Http">
          <metrics complexity="1" methods="1" coveredmethods="1" conditionals="0" coveredconditionals="0" statements="1" coveredstatements="1" elements="2" coveredelements="2"/>
        </class>
        <line num="74" type="method" name="__construct" visibility="public" complexity="1" crap="1" count="32"/>
        <line num="77" type="stmt" count="32"/>
        <line num="98" type="method" name="index" visibility="public" complexity="8" crap="8" count="9"/>
        <line num="101" type="stmt" count="9"/>
        <line num="102" type="stmt" count="9"/>
        <line num="103" type="stmt" count="8"/>
        <line num="104" type="stmt" count="2"/>
        <line num="105" type="stmt" count="2"/>
        <line num="108" type="stmt" count="7"/>
        <line num="109" type="stmt" count="7"/>
        <line num="110" type="stmt" count="7"/>
        <line num="112" type="stmt" count="7"/>
        <line num="113" type="stmt" count="3"/>
        <line num="114" type="stmt" count="3"/>
        <line num="115" type="stmt" count="1"/>
        <line num="116" type="stmt" count="2"/>
        <line num="117" type="stmt" count="1"/>
        <line num="119" type="stmt" count="1"/>
        <line num="121" type="stmt" count="3"/>
        <line num="124" type="stmt" count="7"/>
        <line num="125" type="stmt" count="7"/>
        <line num="126" type="stmt" count="7"/>
        <line num="127" type="stmt" count="7"/>
        <line num="129" type="stmt" count="7"/>
        <line num="130" type="stmt" count="7"/>
        <line num="131" type="stmt" count="7"/>
        <line num="132" type="stmt" count="7"/>
        <line num="133" type="stmt" count="7"/>
        <line num="134" type="stmt" count="7"/>
        <line num="135" type="stmt" count="7"/>
        <line num="136" type="stmt" count="7"/>
        <line num="137" type="stmt" count="7"/>
        <line num="138" type="stmt" count="7"/>
        <line num="141" type="stmt" count="7"/>
        <line num="149" type="method" name="kindForStdClass" visibility="private" complexity="7" crap="7" count="7"/>
        <line num="151" type="stmt" count="7"/>
        <line num="152" type="stmt" count="7"/>
        <line num="154" type="stmt" count="7"/>
        <line num="155" type="stmt" count="4"/>
        <line num="156" type="stmt" count="2"/>
        <line num="157" type="stmt" count="7"/>
        <line num="168" type="method" name="kindForRow" visibility="private" complexity="5" crap="5.39" count="7"/>
        <line num="171" type="stmt" count="7"/>
        <line num="172" type="stmt" count="2"/>
        <line num="173" type="stmt" count="0"/>
        <line num="174" type="stmt" count="7"/>
        <line num="184" type="method" name="resolveKind" visibility="private" complexity="4" crap="4" count="8"/>
        <line num="186" type="stmt" count="8"/>
        <line num="187" type="stmt" count="8"/>
        <line num="188" type="stmt" count="4"/>
        <line num="194" type="stmt" count="4"/>
        <line num="195" type="stmt" count="1"/>
        <line num="196" type="stmt" count="1"/>
        <line num="197" type="stmt" count="1"/>
        <line num="198" type="stmt" count="1"/>
        <line num="199" type="stmt" count="1"/>
        <line num="200" type="stmt" count="1"/>
        <line num="202" type="stmt" count="3"/>
        <line num="228" type="method" name="store" visibility="public" complexity="2" crap="2" count="5"/>
        <line num="231" type="stmt" count="5"/>
        <line num="232" type="stmt" count="5"/>
        <line num="233" type="stmt" count="3"/>
        <line num="234" type="stmt" count="2"/>
        <line num="235" type="stmt" count="2"/>
        <line num="238" type="stmt" count="3"/>
        <line num="240" type="stmt" count="3"/>
        <line num="241" type="stmt" count="3"/>
        <line num="242" type="stmt" count="3"/>
        <line num="243" type="stmt" count="3"/>
        <line num="244" type="stmt" count="3"/>
        <line num="245" type="stmt" count="3"/>
        <line num="246" type="stmt" count="3"/>
        <line num="247" type="stmt" count="3"/>
        <line num="248" type="stmt" count="3"/>
        <line num="251" type="method" name="requireUserId" visibility="private" complexity="3" crap="3.14" count="27"/>
        <line num="253" type="stmt" count="27"/>
        <line num="254" type="stmt" count="27"/>
        <line num="255" type="stmt" count="0"/>
        <line num="257" type="stmt" count="27"/>
        <line num="263" type="method" name="parseStoreInputs" visibility="private" complexity="3" crap="3.01" count="5"/>
        <line num="265" type="stmt" count="5"/>
        <line num="266" type="stmt" count="5"/>
        <line num="267" type="stmt" count="0"/>
        <line num="269" type="stmt" count="5"/>
        <line num="270" type="stmt" count="5"/>
        <line num="271" type="stmt" count="1"/>
        <line num="272" type="stmt" count="1"/>
        <line num="273" type="stmt" count="1"/>
        <line num="275" type="stmt" count="4"/>
        <line num="276" type="stmt" count="4"/>
        <line num="277" type="stmt" count="4"/>
        <line num="278" type="stmt" count="4"/>
        <line num="281" type="method" name="createSourceRow" visibility="private" complexity="1" crap="1" count="3"/>
        <line num="283" type="stmt" count="3"/>
        <line num="284" type="stmt" count="3"/>
        <line num="285" type="stmt" count="3"/>
        <line num="286" type="stmt" count="3"/>
        <line num="287" type="stmt" count="3"/>
        <line num="288" type="stmt" count="3"/>
        <line num="289" type="stmt" count="3"/>
        <line num="290" type="stmt" count="3"/>
        <line num="291" type="stmt" count="3"/>
        <line num="292" type="stmt" count="3"/>
        <line num="293" type="stmt" count="3"/>
        <line num="294" type="stmt" count="3"/>
        <line num="295" type="stmt" count="3"/>
        <line num="296" type="stmt" count="3"/>
        <line num="297" type="stmt" count="3"/>
        <line num="298" type="stmt" count="3"/>
        <line num="299" type="stmt" count="3"/>
        <line num="300" type="stmt" count="3"/>
        <line num="301" type="stmt" count="3"/>
        <line num="302" type="stmt" count="3"/>
        <line num="303" type="stmt" count="3"/>
        <line num="304" type="stmt" count="3"/>
        <line num="315" type="method" name="show" visibility="public" complexity="4" crap="4" count="5"/>
        <line num="318" type="stmt" count="5"/>
        <line num="319" type="stmt" count="5"/>
        <line num="320" type="stmt" count="2"/>
        <line num="321" type="stmt" count="2"/>
        <line num="324" type="stmt" count="3"/>
        <line num="326" type="stmt" count="3"/>
        <line num="327" type="stmt" count="3"/>
        <line num="328" type="stmt" count="3"/>
        <line num="329" type="stmt" count="3"/>
        <line num="330" type="stmt" count="3"/>
        <line num="331" type="stmt" count="3"/>
        <line num="332" type="stmt" count="3"/>
        <line num="333" type="stmt" count="3"/>
        <line num="334" type="stmt" count="3"/>
        <line num="335" type="stmt" count="3"/>
        <line num="336" type="stmt" count="3"/>
        <line num="337" type="stmt" count="3"/>
        <line num="346" type="method" name="update" visibility="public" complexity="2" crap="2" count="5"/>
        <line num="349" type="stmt" count="5"/>
        <line num="350" type="stmt" count="5"/>
        <line num="351" type="stmt" count="4"/>
        <line num="352" type="stmt" count="1"/>
        <line num="353" type="stmt" count="1"/>
        <line num="356" type="stmt" count="4"/>
        <line num="357" type="stmt" count="4"/>
        <line num="358" type="stmt" count="4"/>
        <line num="359" type="stmt" count="4"/>
        <line num="364" type="stmt" count="4"/>
        <line num="366" type="stmt" count="4"/>
        <line num="367" type="stmt" count="4"/>
        <line num="368" type="stmt" count="4"/>
        <line num="369" type="stmt" count="4"/>
        <line num="370" type="stmt" count="4"/>
        <line num="371" type="stmt" count="4"/>
        <line num="372" type="stmt" count="4"/>
        <line num="373" type="stmt" count="4"/>
        <line num="374" type="stmt" count="4"/>
        <line num="377" type="method" name="parseUpdateContent" visibility="private" complexity="3" crap="3.01" count="5"/>
        <line num="379" type="stmt" count="5"/>
        <line num="380" type="stmt" count="5"/>
        <line num="381" type="stmt" count="0"/>
        <line num="383" type="stmt" count="5"/>
        <line num="384" type="stmt" count="5"/>
        <line num="385" type="stmt" count="1"/>
        <line num="386" type="stmt" count="1"/>
        <line num="387" type="stmt" count="1"/>
        <line num="389" type="stmt" count="4"/>
        <line num="399" type="method" name="destroy" visibility="public" complexity="2" crap="2.09" count="3"/>
        <line num="402" type="stmt" count="3"/>
        <line num="403" type="stmt" count="3"/>
        <line num="404" type="stmt" count="0"/>
        <line num="405" type="stmt" count="0"/>
        <line num="408" type="stmt" count="3"/>
        <line num="409" type="stmt" count="3"/>
        <line num="411" type="stmt" count="3"/>
        <line num="424" type="method" name="resolveOwnedSource" visibility="private" complexity="4" crap="4.69" count="12"/>
        <line num="427" type="stmt" count="12"/>
        <line num="428" type="stmt" count="0"/>
        <line num="429" type="stmt" count="0"/>
        <line num="430" type="stmt" count="0"/>
        <line num="431" type="stmt" count="0"/>
        <line num="433" type="stmt" count="12"/>
        <line num="434" type="stmt" count="12"/>
        <line num="435" type="stmt" count="0"/>
        <line num="436" type="stmt" count="0"/>
        <line num="437" type="stmt" count="0"/>
        <line num="439" type="stmt" count="12"/>
        <line num="440" type="stmt" count="12"/>
        <line num="441" type="stmt" count="12"/>
        <line num="442" type="stmt" count="12"/>
        <line num="443" type="stmt" count="12"/>
        <line num="444" type="stmt" count="12"/>
        <line num="445" type="stmt" count="2"/>
        <line num="446" type="stmt" count="2"/>
        <line num="447" type="stmt" count="2"/>
        <line num="449" type="stmt" count="10"/>
        <line num="457" type="method" name="resolvePrincipalId" visibility="private" complexity="5" crap="5" count="24"/>
        <line num="459" type="stmt" count="24"/>
        <line num="460" type="stmt" count="24"/>
        <line num="461" type="stmt" count="20"/>
        <line num="463" type="stmt" count="6"/>
        <line num="464" type="stmt" count="6"/>
        <line num="465" type="stmt" count="1"/>
        <line num="467" type="stmt" count="5"/>
        <line num="477" type="method" name="resolvePrincipalIdOrFail" visibility="private" complexity="2" crap="2" count="9"/>
        <line num="480" type="stmt" count="9"/>
        <line num="481" type="stmt" count="1"/>
        <line num="482" type="stmt" count="1"/>
        <line num="483" type="stmt" count="1"/>
        <line num="484" type="stmt" count="1"/>
        <line num="499" type="method" name="validateFilename" visibility="private" complexity="2" crap="2" count="4"/>
        <line num="502" type="stmt" count="4"/>
        <line num="503" type="stmt" count="1"/>
        <line num="504" type="stmt" count="1"/>
        <line num="505" type="stmt" count="1"/>
        <line num="506" type="stmt" count="1"/>
        <line num="516" type="method" name="generateUuid" visibility="private" complexity="1" crap="1" count="3"/>
        <line num="518" type="stmt" count="3"/>
        <line num="519" type="stmt" count="3"/>
        <line num="520" type="stmt" count="3"/>
        <line num="521" type="stmt" count="3"/>
        <line num="530" type="method" name="deleteDerivativesFor" visibility="private" complexity="2" crap="2" count="7"/>
        <line num="532" type="stmt" count="7"/>
        <line num="533" type="stmt" count="7"/>
        <line num="534" type="stmt" count="7"/>
        <line num="535" type="stmt" count="7"/>
        <line num="536" type="stmt" count="7"/>
        <line num="537" type="stmt" count="6"/>
        <line num="539" type="stmt" count="1"/>
        <line num="540" type="stmt" count="1"/>
        <line num="541" type="stmt" count="1"/>
        <line num="542" type="stmt" count="1"/>
        <line num="543" type="stmt" count="1"/>
        <line num="544" type="stmt" count="1"/>
        <line num="557" type="method" name="__construct" visibility="public" complexity="1" crap="1" count="7"/>
        <line num="559" type="stmt" count="7"/>
        <metrics loc="562" ncloc="375" classes="2" methods="20" coveredmethods="14" conditionals="0" coveredconditionals="0" statements="212" coveredstatements="199" elements="232" coveredelements="213"/>
      </file>
      <file name="/Users/fabeat/Development/Spora/spora-plugin-typst/src/Http/TypstPreviewController.php">
        <class name="Spora\Plugins\Typst\Http\TypstPreviewController" namespace="Spora\Plugins\Typst\Http">
          <metrics complexity="32" methods="10" coveredmethods="10" conditionals="0" coveredconditionals="0" statements="90" coveredstatements="90" elements="100" coveredelements="100"/>
        </class>
        <line num="76" type="method" name="__construct" visibility="public" complexity="1" crap="1" count="17"/>
        <line num="82" type="stmt" count="17"/>
        <line num="87" type="method" name="preview" visibility="public" complexity="3" crap="3" count="17"/>
        <line num="90" type="stmt" count="17"/>
        <line num="91" type="stmt" count="16"/>
        <line num="92" type="stmt" count="13"/>
        <line num="93" type="stmt" count="12"/>
        <line num="94" type="stmt" count="1"/>
        <line num="95" type="stmt" count="1"/>
        <line num="96" type="stmt" count="1"/>
        <line num="97" type="stmt" count="1"/>
        <line num="98" type="stmt" count="1"/>
        <line num="100" type="stmt" count="11"/>
        <line num="101" type="stmt" count="5"/>
        <line num="102" type="stmt" count="4"/>
        <line num="106" type="method" name="requireUserId" visibility="private" complexity="3" crap="3" count="17"/>
        <line num="108" type="stmt" count="17"/>
        <line num="109" type="stmt" count="17"/>
        <line num="110" type="stmt" count="1"/>
        <line num="112" type="stmt" count="16"/>
        <line num="122" type="method" name="runPreview" visibility="private" complexity="3" crap="3" count="11"/>
        <line num="128" type="stmt" count="11"/>
        <line num="129" type="stmt" count="11"/>
        <line num="130" type="stmt" count="11"/>
        <line num="131" type="stmt" count="11"/>
        <line num="132" type="stmt" count="11"/>
        <line num="133" type="stmt" count="11"/>
        <line num="134" type="stmt" count="11"/>
        <line num="135" type="stmt" count="11"/>
        <line num="136" type="stmt" count="11"/>
        <line num="137" type="stmt" count="3"/>
        <line num="138" type="stmt" count="3"/>
        <line num="140" type="stmt" count="8"/>
        <line num="141" type="stmt" count="8"/>
        <line num="142" type="stmt" count="8"/>
        <line num="143" type="stmt" count="8"/>
        <line num="152" type="method" name="previewErrorResponse" visibility="private" complexity="4" crap="4" count="3"/>
        <line num="154" type="stmt" count="3"/>
        <line num="155" type="stmt" count="3"/>
        <line num="156" type="stmt" count="1"/>
        <line num="157" type="stmt" count="1"/>
        <line num="158" type="stmt" count="1"/>
        <line num="159" type="stmt" count="1"/>
        <line num="160" type="stmt" count="1"/>
        <line num="161" type="stmt" count="1"/>
        <line num="162" type="stmt" count="1"/>
        <line num="163" type="stmt" count="1"/>
        <line num="164" type="stmt" count="1"/>
        <line num="165" type="stmt" count="1"/>
        <line num="167" type="stmt" count="2"/>
        <line num="168" type="stmt" count="1"/>
        <line num="170" type="stmt" count="1"/>
        <line num="171" type="stmt" count="1"/>
        <line num="172" type="stmt" count="1"/>
        <line num="173" type="stmt" count="1"/>
        <line num="174" type="stmt" count="1"/>
        <line num="180" type="method" name="buildPayload" visibility="private" complexity="1" crap="1" count="8"/>
        <line num="182" type="stmt" count="8"/>
        <line num="183" type="stmt" count="8"/>
        <line num="184" type="stmt" count="8"/>
        <line num="185" type="stmt" count="8"/>
        <line num="186" type="stmt" count="8"/>
        <line num="187" type="stmt" count="8"/>
        <line num="188" type="stmt" count="8"/>
        <line num="189" type="stmt" count="8"/>
        <line num="200" type="method" name="formatForMime" visibility="private" complexity="5" crap="5" count="8"/>
        <line num="202" type="stmt" count="8"/>
        <line num="203" type="stmt" count="6"/>
        <line num="204" type="stmt" count="1"/>
        <line num="205" type="stmt" count="1"/>
        <line num="206" type="stmt" count="8"/>
        <line num="220" type="method" name="findProducer" visibility="private" complexity="5" crap="5" count="13"/>
        <line num="222" type="stmt" count="13"/>
        <line num="223" type="stmt" count="7"/>
        <line num="224" type="stmt" count="7"/>
        <line num="225" type="stmt" count="1"/>
        <line num="226" type="stmt" count="1"/>
        <line num="227" type="stmt" count="1"/>
        <line num="229" type="stmt" count="6"/>
        <line num="231" type="stmt" count="6"/>
        <line num="232" type="stmt" count="5"/>
        <line num="233" type="stmt" count="5"/>
        <line num="236" type="stmt" count="1"/>
        <line num="245" type="method" name="resolveContext" visibility="private" complexity="1" crap="1" count="11"/>
        <line num="247" type="stmt" count="11"/>
        <line num="248" type="stmt" count="11"/>
        <line num="249" type="stmt" count="11"/>
        <line num="250" type="stmt" count="11"/>
        <line num="251" type="stmt" count="11"/>
        <line num="252" type="stmt" count="11"/>
        <line num="253" type="stmt" count="11"/>
        <line num="256" type="method" name="resolvePrincipal" visibility="private" complexity="6" crap="6" count="11"/>
        <line num="258" type="stmt" count="11"/>
        <line num="259" type="stmt" count="11"/>
        <line num="260" type="stmt" count="2"/>
        <line num="261" type="stmt" count="2"/>
        <line num="262" type="stmt" count="1"/>
        <line num="263" type="stmt" count="1"/>
        <line num="264" type="stmt" count="1"/>
        <line num="268" type="stmt" count="10"/>
        <metrics loc="271" ncloc="180" classes="1" methods="10" coveredmethods="10" conditionals="0" coveredconditionals="0" statements="90" coveredstatements="90" elements="100" coveredelements="100"/>
      </file>
      <file name="/Users/fabeat/Development/Spora/spora-plugin-typst/src/Http/TypstTemplateController.php">
        <class name="Spora\Plugins\Typst\Http\TypstTemplateController" namespace="Spora\Plugins\Typst\Http">
          <metrics complexity="3" methods="3" coveredmethods="3" conditionals="0" coveredconditionals="0" statements="3" coveredstatements="3" elements="6" coveredelements="6"/>
        </class>
        <line num="23" type="method" name="kind" visibility="protected" complexity="1" crap="1" count="9"/>
        <line num="25" type="stmt" count="9"/>
        <line num="28" type="method" name="pluralName" visibility="protected" complexity="1" crap="1" count="3"/>
        <line num="30" type="stmt" count="3"/>
        <line num="33" type="method" name="singularName" visibility="protected" complexity="1" crap="1" count="5"/>
        <line num="35" type="stmt" count="5"/>
        <metrics loc="38" ncloc="26" classes="1" methods="3" coveredmethods="3" conditionals="0" coveredconditionals="0" statements="3" coveredstatements="3" elements="6" coveredelements="6"/>
      </file>
    </package>
    <file name="/Users/fabeat/Development/Spora/spora-plugin-typst/src/Producers/TypstPreviewProducerInterface.php">
      <metrics loc="35" ncloc="13" classes="0" methods="0" coveredmethods="0" conditionals="0" coveredconditionals="0" statements="0" coveredstatements="0" elements="0" coveredelements="0"/>
    </file>
    <package name="Spora\Plugins\Typst\Producers">
      <file name="/Users/fabeat/Development/Spora/spora-plugin-typst/src/Producers/TypstRenderProducer.php">
        <class name="Spora\Plugins\Typst\Producers\TypstRenderProducer" namespace="Spora\Plugins\Typst\Producers">
          <metrics complexity="44" methods="17" coveredmethods="16" conditionals="0" coveredconditionals="0" statements="139" coveredstatements="138" elements="156" coveredelements="154"/>
        </class>
        <line num="114" type="method" name="__construct" visibility="public" complexity="1" crap="1" count="58"/>
        <line num="120" type="stmt" count="58"/>
        <line num="122" type="method" name="pluginSlug" visibility="public" complexity="1" crap="1" count="8"/>
        <line num="124" type="stmt" count="8"/>
        <line num="127" type="method" name="operationName" visibility="public" complexity="1" crap="1" count="8"/>
        <line num="129" type="stmt" count="8"/>
        <line num="132" type="method" name="supportedSourceFormats" visibility="public" complexity="1" crap="1" count="2"/>
        <line num="134" type="stmt" count="2"/>
        <line num="137" type="method" name="supportedDerivativeFormats" visibility="public" complexity="1" crap="1" count="2"/>
        <line num="139" type="stmt" count="2"/>
        <line num="142" type="method" name="produce" visibility="public" complexity="2" crap="2" count="33"/>
        <line num="144" type="stmt" count="33"/>
        <line num="146" type="stmt" count="31"/>
        <line num="147" type="stmt" count="31"/>
        <line num="148" type="stmt" count="31"/>
        <line num="149" type="stmt" count="31"/>
        <line num="150" type="stmt" count="31"/>
        <line num="151" type="stmt" count="31"/>
        <line num="168" type="method" name="produceFromString" visibility="public" complexity="1" crap="1" count="11"/>
        <line num="170" type="stmt" count="11"/>
        <line num="172" type="stmt" count="9"/>
        <line num="173" type="stmt" count="9"/>
        <line num="174" type="stmt" count="9"/>
        <line num="175" type="stmt" count="9"/>
        <line num="176" type="stmt" count="9"/>
        <line num="177" type="stmt" count="9"/>
        <line num="180" type="method" name="assertSupportedFormat" visibility="private" complexity="2" crap="2" count="44"/>
        <line num="182" type="stmt" count="44"/>
        <line num="183" type="stmt" count="44"/>
        <line num="184" type="stmt" count="4"/>
        <line num="185" type="stmt" count="4"/>
        <line num="186" type="stmt" count="4"/>
        <line num="187" type="stmt" count="4"/>
        <line num="188" type="stmt" count="4"/>
        <line num="190" type="stmt" count="40"/>
        <line num="210" type="method" name="compileAndRender" visibility="private" complexity="10" crap="10" count="31"/>
        <line num="212" type="stmt" count="31"/>
        <line num="219" type="stmt" count="31"/>
        <line num="220" type="stmt" count="5"/>
        <line num="221" type="stmt" count="26"/>
        <line num="227" type="stmt" count="31"/>
        <line num="233" type="stmt" count="31"/>
        <line num="234" type="stmt" count="30"/>
        <line num="235" type="stmt" count="6"/>
        <line num="236" type="stmt" count="6"/>
        <line num="237" type="stmt" count="6"/>
        <line num="238" type="stmt" count="6"/>
        <line num="242" type="stmt" count="24"/>
        <line num="243" type="stmt" count="2"/>
        <line num="244" type="stmt" count="2"/>
        <line num="245" type="stmt" count="2"/>
        <line num="246" type="stmt" count="2"/>
        <line num="247" type="stmt" count="2"/>
        <line num="248" type="stmt" count="2"/>
        <line num="251" type="stmt" count="22"/>
        <line num="252" type="stmt" count="14"/>
        <line num="253" type="stmt" count="11"/>
        <line num="254" type="stmt" count="2"/>
        <line num="259" type="stmt" count="22"/>
        <line num="260" type="stmt" count="22"/>
        <line num="261" type="stmt" count="22"/>
        <line num="262" type="stmt" count="22"/>
        <line num="266" type="method" name="renderPdf" visibility="private" complexity="1" crap="1" count="14"/>
        <line num="268" type="stmt" count="14"/>
        <line num="269" type="stmt" count="14"/>
        <line num="270" type="stmt" count="14"/>
        <line num="271" type="stmt" count="14"/>
        <line num="272" type="stmt" count="14"/>
        <line num="273" type="stmt" count="14"/>
        <line num="274" type="stmt" count="14"/>
        <line num="275" type="stmt" count="14"/>
        <line num="276" type="stmt" count="14"/>
        <line num="279" type="method" name="renderPng" visibility="private" complexity="2" crap="2" count="11"/>
        <line num="281" type="stmt" count="11"/>
        <line num="282" type="stmt" count="11"/>
        <line num="283" type="stmt" count="11"/>
        <line num="284" type="stmt" count="11"/>
        <line num="285" type="stmt" count="11"/>
        <line num="286" type="stmt" count="11"/>
        <line num="287" type="stmt" count="11"/>
        <line num="288" type="stmt" count="11"/>
        <line num="289" type="stmt" count="11"/>
        <line num="290" type="stmt" count="11"/>
        <line num="291" type="stmt" count="11"/>
        <line num="292" type="stmt" count="11"/>
        <line num="293" type="stmt" count="11"/>
        <line num="294" type="stmt" count="11"/>
        <line num="297" type="method" name="renderSvg" visibility="private" complexity="1" crap="1" count="2"/>
        <line num="299" type="stmt" count="2"/>
        <line num="300" type="stmt" count="2"/>
        <line num="301" type="stmt" count="2"/>
        <line num="302" type="stmt" count="2"/>
        <line num="303" type="stmt" count="2"/>
        <line num="304" type="stmt" count="2"/>
        <line num="305" type="stmt" count="2"/>
        <line num="306" type="stmt" count="2"/>
        <line num="307" type="stmt" count="2"/>
        <line num="310" type="method" name="clampPage" visibility="private" complexity="2" crap="2.06" count="12"/>
        <line num="312" type="stmt" count="12"/>
        <line num="313" type="stmt" count="12"/>
        <line num="314" type="stmt" count="0"/>
        <line num="316" type="stmt" count="12"/>
        <line num="319" type="method" name="loadSourceBytes" visibility="private" complexity="4" crap="4" count="31"/>
        <line num="325" type="stmt" count="31"/>
        <line num="326" type="stmt" count="22"/>
        <line num="327" type="stmt" count="7"/>
        <line num="328" type="stmt" count="23"/>
        <line num="329" type="stmt" count="23"/>
        <line num="330" type="stmt" count="23"/>
        <line num="331" type="stmt" count="23"/>
        <line num="335" type="method" name="readDataUrlBytes" visibility="private" complexity="3" crap="3" count="22"/>
        <line num="337" type="stmt" count="22"/>
        <line num="338" type="stmt" count="22"/>
        <line num="339" type="stmt" count="2"/>
        <line num="340" type="stmt" count="2"/>
        <line num="341" type="stmt" count="2"/>
        <line num="342" type="stmt" count="2"/>
        <line num="344" type="stmt" count="20"/>
        <line num="347" type="method" name="readLocalBytes" visibility="private" complexity="6" crap="6" count="7"/>
        <line num="349" type="stmt" count="7"/>
        <line num="350" type="stmt" count="7"/>
        <line num="351" type="stmt" count="2"/>
        <line num="352" type="stmt" count="2"/>
        <line num="353" type="stmt" count="2"/>
        <line num="354" type="stmt" count="2"/>
        <line num="356" type="stmt" count="5"/>
        <line num="357" type="stmt" count="5"/>
        <line num="358" type="stmt" count="5"/>
        <line num="359" type="stmt" count="2"/>
        <line num="360" type="stmt" count="2"/>
        <line num="361" type="stmt" count="2"/>
        <line num="362" type="stmt" count="2"/>
        <line num="367" type="stmt" count="3"/>
        <line num="368" type="stmt" count="3"/>
        <line num="369" type="stmt" count="3"/>
        <line num="371" type="stmt" count="3"/>
        <line num="373" type="stmt" count="3"/>
        <line num="375" type="stmt" count="3"/>
        <line num="377" type="stmt" count="3"/>
        <line num="378" type="stmt" count="2"/>
        <line num="379" type="stmt" count="2"/>
        <line num="380" type="stmt" count="2"/>
        <line num="381" type="stmt" count="2"/>
        <line num="382" type="stmt" count="2"/>
        <line num="384" type="stmt" count="1"/>
        <line num="396" type="method" name="summariseDiagnostics" visibility="private" complexity="5" crap="5" count="10"/>
        <line num="398" type="stmt" count="10"/>
        <line num="399" type="stmt" count="3"/>
        <line num="401" type="stmt" count="7"/>
        <line num="402" type="stmt" count="7"/>
        <line num="403" type="stmt" count="7"/>
        <line num="404" type="stmt" count="2"/>
        <line num="406" type="stmt" count="5"/>
        <line num="408" type="stmt" count="7"/>
        <line num="409" type="stmt" count="2"/>
        <line num="411" type="stmt" count="5"/>
        <metrics loc="414" ncloc="273" classes="1" methods="17" coveredmethods="16" conditionals="0" coveredconditionals="0" statements="139" coveredstatements="138" elements="156" coveredelements="154"/>
      </file>
    </package>
    <package name="Spora\Plugins\Typst\Services">
      <file name="/Users/fabeat/Development/Spora/spora-plugin-typst/src/Services/TypstFilename.php">
        <class name="Spora\Plugins\Typst\Services\TypstFilename" namespace="Spora\Plugins\Typst\Services">
          <metrics complexity="8" methods="1" coveredmethods="1" conditionals="0" coveredconditionals="0" statements="18" coveredstatements="18" elements="19" coveredelements="19"/>
        </class>
        <line num="65" type="method" name="sanitise" visibility="public" complexity="8" crap="8" count="81"/>
        <line num="67" type="stmt" count="81"/>
        <line num="68" type="stmt" count="41"/>
        <line num="70" type="stmt" count="41"/>
        <line num="71" type="stmt" count="2"/>
        <line num="73" type="stmt" count="39"/>
        <line num="74" type="stmt" count="39"/>
        <line num="75" type="stmt" count="2"/>
        <line num="77" type="stmt" count="37"/>
        <line num="78" type="stmt" count="8"/>
        <line num="79" type="stmt" count="8"/>
        <line num="80" type="stmt" count="8"/>
[...]
        <line num="314" type="stmt" count="14"/>
        <line num="315" type="stmt" count="14"/>
        <line num="317" type="stmt" count="0"/>
        <line num="318" type="stmt" count="0"/>
        <line num="319" type="stmt" count="0"/>
        <line num="322" type="stmt" count="0"/>
        <line num="348" type="method" name="buildSuccessToolResult" visibility="private" complexity="2" crap="2" count="8"/>
        <line num="353" type="stmt" count="8"/>
        <line num="354" type="stmt" count="8"/>
        <line num="356" type="stmt" count="8"/>
        <line num="357" type="stmt" count="7"/>
        <line num="358" type="stmt" count="1"/>
        <line num="360" type="stmt" count="8"/>
        <line num="361" type="stmt" count="8"/>
        <line num="362" type="stmt" count="8"/>
        <line num="363" type="stmt" count="8"/>
        <line num="364" type="stmt" count="8"/>
        <line num="365" type="stmt" count="8"/>
        <line num="367" type="stmt" count="8"/>
        <line num="368" type="stmt" count="8"/>
        <line num="369" type="stmt" count="8"/>
        <line num="370" type="stmt" count="8"/>
        <line num="371" type="stmt" count="8"/>
        <line num="372" type="stmt" count="8"/>
        <line num="373" type="stmt" count="8"/>
        <line num="374" type="stmt" count="8"/>
        <line num="375" type="stmt" count="8"/>
        <line num="376" type="stmt" count="8"/>
        <line num="377" type="stmt" count="8"/>
        <line num="378" type="stmt" count="8"/>
        <line num="387" type="method" name="pdfRenderContent" visibility="private" complexity="2" crap="2.01" count="7"/>
        <line num="389" type="stmt" count="7"/>
        <line num="390" type="stmt" count="7"/>
        <line num="391" type="stmt" count="0"/>
        <line num="393" type="stmt" count="7"/>
        <line num="394" type="stmt" count="7"/>
        <line num="395" type="stmt" count="7"/>
        <line num="396" type="stmt" count="7"/>
        <line num="397" type="stmt" count="7"/>
        <line num="410" type="method" name="echoInstruction" visibility="private" complexity="1" crap="1" count="8"/>
        <line num="412" type="stmt" count="8"/>
        <line num="413" type="stmt" count="8"/>
        <line num="414" type="stmt" count="8"/>
        <line num="415" type="stmt" count="8"/>
        <line num="424" type="method" name="firstPagePngUrl" visibility="private" complexity="3" crap="3.06" count="7"/>
        <line num="426" type="stmt" count="7"/>
        <line num="427" type="stmt" count="7"/>
        <line num="428" type="stmt" count="0"/>
        <line num="431" type="stmt" count="7"/>
        <line num="432" type="stmt" count="7"/>
        <line num="433" type="stmt" count="7"/>
        <line num="434" type="stmt" count="7"/>
        <line num="435" type="stmt" count="7"/>
        <line num="436" type="stmt" count="7"/>
        <line num="437" type="stmt" count="7"/>
        <line num="438" type="stmt" count="7"/>
        <line num="439" type="stmt" count="7"/>
        <line num="440" type="stmt" count="7"/>
        <line num="441" type="stmt" count="7"/>
        <line num="442" type="stmt" count="0"/>
        <line num="443" type="stmt" count="0"/>
        <line num="447" type="method" name="renderDiagnostic" visibility="private" complexity="2" crap="2" count="1"/>
        <line num="449" type="stmt" count="1"/>
        <line num="450" type="stmt" count="1"/>
        <line num="451" type="stmt" count="1"/>
        <metrics loc="454" ncloc="367" classes="1" methods="13" coveredmethods="8" conditionals="0" coveredconditionals="0" statements="173" coveredstatements="162" elements="186" coveredelements="170"/>
      </file>
      <file name="/Users/fabeat/Development/Spora/spora-plugin-typst/src/Tools/TypstResourcesTool.php">
        <class name="Spora\Plugins\Typst\Tools\TypstResourcesTool" namespace="Spora\Plugins\Typst\Tools">
          <metrics complexity="56" methods="13" coveredmethods="3" conditionals="0" coveredconditionals="0" statements="171" coveredstatements="117" elements="184" coveredelements="120"/>
        </class>
        <line num="103" type="method" name="execute" visibility="public" complexity="7" crap="7" count="18"/>
        <line num="110" type="stmt" count="18"/>
        <line num="111" type="stmt" count="18"/>
        <line num="113" type="stmt" count="18"/>
        <line num="114" type="stmt" count="1"/>
        <line num="115" type="stmt" count="1"/>
        <line num="116" type="stmt" count="1"/>
        <line num="117" type="stmt" count="1"/>
        <line num="128" type="stmt" count="17"/>
        <line num="130" type="stmt" count="17"/>
        <line num="131" type="stmt" count="6"/>
        <line num="132" type="stmt" count="5"/>
        <line num="133" type="stmt" count="2"/>
        <line num="134" type="stmt" count="3"/>
        <line num="135" type="stmt" count="16"/>
        <line num="136" type="stmt" count="16"/>
        <line num="137" type="stmt" count="16"/>
        <line num="138" type="stmt" count="16"/>
        <line num="142" type="method" name="describeAction" visibility="public" complexity="2" crap="2" count="2"/>
        <line num="144" type="stmt" count="2"/>
        <line num="145" type="stmt" count="2"/>
        <line num="146" type="stmt" count="2"/>
        <line num="147" type="stmt" count="2"/>
        <line num="150" type="method" name="dispatchResource" visibility="private" complexity="5" crap="5" count="13"/>
        <line num="152" type="stmt" count="13"/>
        <line num="153" type="stmt" count="3"/>
        <line num="154" type="stmt" count="9"/>
        <line num="155" type="stmt" count="6"/>
        <line num="156" type="stmt" count="12"/>
        <line num="160" type="method" name="dispatchImage" visibility="private" complexity="5" crap="6.60" count="3"/>
        <line num="162" type="stmt" count="3"/>
        <line num="163" type="stmt" count="0"/>
        <line num="164" type="stmt" count="2"/>
        <line num="165" type="stmt" count="0"/>
        <line num="166" type="stmt" count="3"/>
        <line num="170" type="method" name="listResources" visibility="private" complexity="4" crap="4.07" count="3"/>
        <line num="173" type="stmt" count="3"/>
        <line num="174" type="stmt" count="0"/>
        <line num="175" type="stmt" count="0"/>
        <line num="178" type="stmt" count="3"/>
        <line num="179" type="stmt" count="2"/>
        <line num="180" type="stmt" count="0"/>
        <line num="182" type="stmt" count="2"/>
        <line num="183" type="stmt" count="2"/>
        <line num="184" type="stmt" count="2"/>
        <line num="185" type="stmt" count="2"/>
        <line num="186" type="stmt" count="2"/>
        <line num="187" type="stmt" count="2"/>
        <line num="188" type="stmt" count="2"/>
        <line num="189" type="stmt" count="2"/>
        <line num="191" type="stmt" count="2"/>
        <line num="192" type="stmt" count="2"/>
        <line num="193" type="stmt" count="2"/>
        <line num="194" type="stmt" count="2"/>
        <line num="197" type="method" name="writeResource" visibility="private" complexity="4" crap="4.07" count="9"/>
        <line num="199" type="stmt" count="9"/>
        <line num="200" type="stmt" count="9"/>
        <line num="201" type="stmt" count="9"/>
        <line num="202" type="stmt" count="2"/>
        <line num="205" type="stmt" count="7"/>
        <line num="206" type="stmt" count="7"/>
        <line num="207" type="stmt" count="0"/>
        <line num="208" type="stmt" count="0"/>
        <line num="210" type="stmt" count="7"/>
        <line num="211" type="stmt" count="7"/>
        <line num="212" type="stmt" count="7"/>
        <line num="213" type="stmt" count="7"/>
        <line num="230" type="method" name="readResource" visibility="private" complexity="4" crap="4.05" count="6"/>
        <line num="232" type="stmt" count="6"/>
        <line num="233" type="stmt" count="6"/>
        <line num="234" type="stmt" count="1"/>
        <line num="237" type="stmt" count="5"/>
        <line num="238" type="stmt" count="5"/>
        <line num="239" type="stmt" count="0"/>
        <line num="240" type="stmt" count="0"/>
        <line num="242" type="stmt" count="5"/>
        <line num="243" type="stmt" count="2"/>
        <line num="244" type="stmt" count="2"/>
        <line num="245" type="stmt" count="2"/>
        <line num="246" type="stmt" count="2"/>
        <line num="247" type="stmt" count="2"/>
        <line num="248" type="stmt" count="5"/>
        <line num="251" type="method" name="deleteResource" visibility="private" complexity="3" crap="3.05" count="2"/>
        <line num="253" type="stmt" count="2"/>
        <line num="254" type="stmt" count="2"/>
        <line num="255" type="stmt" count="1"/>
        <line num="258" type="stmt" count="1"/>
        <line num="259" type="stmt" count="1"/>
        <line num="260" type="stmt" count="0"/>
        <line num="261" type="stmt" count="0"/>
        <line num="263" type="stmt" count="1"/>
        <line num="264" type="stmt" count="1"/>
        <line num="265" type="stmt" count="1"/>
        <line num="266" type="stmt" count="1"/>
        <line num="269" type="method" name="listImages" visibility="private" complexity="3" crap="12" count="0"/>
        <line num="271" type="stmt" count="0"/>
        <line num="272" type="stmt" count="0"/>
        <line num="273" type="stmt" count="0"/>
        <line num="275" type="stmt" count="0"/>
        <line num="276" type="stmt" count="0"/>
        <line num="277" type="stmt" count="0"/>
        <line num="278" type="stmt" count="0"/>
        <line num="279" type="stmt" count="0"/>
        <line num="280" type="stmt" count="0"/>
        <line num="281" type="stmt" count="0"/>
        <line num="282" type="stmt" count="0"/>
        <line num="284" type="stmt" count="0"/>
        <line num="285" type="stmt" count="0"/>
        <line num="286" type="stmt" count="0"/>
        <line num="287" type="stmt" count="0"/>
        <line num="290" type="method" name="writeImage" visibility="private" complexity="4" crap="4.77" count="2"/>
        <line num="292" type="stmt" count="2"/>
        <line num="293" type="stmt" count="2"/>
        <line num="294" type="stmt" count="2"/>
        <line num="295" type="stmt" count="1"/>
        <line num="298" type="stmt" count="1"/>
        <line num="299" type="stmt" count="1"/>
        <line num="300" type="stmt" count="1"/>
        <line num="302" type="stmt" count="0"/>
        <line num="303" type="stmt" count="0"/>
        <line num="304" type="stmt" count="0"/>
        <line num="305" type="stmt" count="0"/>
        <line num="314" type="method" name="readImage" visibility="private" complexity="4" crap="20" count="0"/>
        <line num="316" type="stmt" count="0"/>
        <line num="317" type="stmt" count="0"/>
        <line num="318" type="stmt" count="0"/>
        <line num="321" type="stmt" count="0"/>
        <line num="322" type="stmt" count="0"/>
        <line num="323" type="stmt" count="0"/>
        <line num="325" type="stmt" count="0"/>
        <line num="326" type="stmt" count="0"/>
        <line num="327" type="stmt" count="0"/>
        <line num="328" type="stmt" count="0"/>
        <line num="329" type="stmt" count="0"/>
        <line num="330" type="stmt" count="0"/>
        <line num="345" type="method" name="formatReadResult" visibility="private" complexity="8" crap="8.16" count="4"/>
        <line num="347" type="stmt" count="4"/>
        <line num="348" type="stmt" count="4"/>
        <line num="349" type="stmt" count="4"/>
        <line num="350" type="stmt" count="1"/>
        <line num="351" type="stmt" count="2"/>
        <line num="352" type="stmt" count="1"/>
        <line num="353" type="stmt" count="0"/>
        <line num="354" type="stmt" count="0"/>
        <line num="355" type="stmt" count="0"/>
        <line num="356" type="stmt" count="0"/>
        <line num="357" type="stmt" count="0"/>
        <line num="360" type="stmt" count="4"/>
        <line num="361" type="stmt" count="1"/>
        <line num="362" type="stmt" count="1"/>
        <line num="363" type="stmt" count="1"/>
        <line num="364" type="stmt" count="1"/>
        <line num="365" type="stmt" count="1"/>
        <line num="366" type="stmt" count="1"/>
        <line num="367" type="stmt" count="1"/>
        <line num="368" type="stmt" count="1"/>
        <line num="369" type="stmt" count="1"/>
        <line num="370" type="stmt" count="1"/>
        <line num="371" type="stmt" count="1"/>
        <line num="372" type="stmt" count="1"/>
        <line num="373" type="stmt" count="1"/>
        <line num="374" type="stmt" count="1"/>
        <line num="375" type="stmt" count="1"/>
        <line num="378" type="stmt" count="3"/>
        <line num="379" type="stmt" count="3"/>
        <line num="380" type="stmt" count="3"/>
        <line num="381" type="stmt" count="3"/>
        <line num="382" type="stmt" count="3"/>
        <line num="383" type="stmt" count="3"/>
        <line num="384" type="stmt" count="3"/>
        <line num="385" type="stmt" count="3"/>
        <line num="386" type="stmt" count="3"/>
        <line num="387" type="stmt" count="3"/>
        <line num="390" type="method" name="deleteImage" visibility="private" complexity="3" crap="6.09" count="1"/>
        <line num="392" type="stmt" count="1"/>
        <line num="393" type="stmt" count="1"/>
        <line num="394" type="stmt" count="1"/>
        <line num="397" type="stmt" count="0"/>
        <line num="398" type="stmt" count="0"/>
        <line num="399" type="stmt" count="0"/>
        <line num="401" type="stmt" count="0"/>
        <line num="402" type="stmt" count="0"/>
        <line num="403" type="stmt" count="0"/>
        <line num="404" type="stmt" count="0"/>
        <metrics loc="407" ncloc="335" classes="1" methods="13" coveredmethods="3" conditionals="0" coveredconditionals="0" statements="171" coveredstatements="117" elements="184" coveredelements="120"/>
      </file>
    </package>
    <package name="Spora\Plugins\Typst">
      <file name="/Users/fabeat/Development/Spora/spora-plugin-typst/src/TypstApp.php">
        <class name="Spora\Plugins\Typst\TypstApp" namespace="Spora\Plugins\Typst">
          <metrics complexity="5" methods="5" coveredmethods="2" conditionals="0" coveredconditionals="0" statements="5" coveredstatements="2" elements="10" coveredelements="4"/>
        </class>
        <line num="18" type="method" name="name" visibility="public" complexity="1" crap="2" count="0"/>
        <line num="20" type="stmt" count="0"/>
        <line num="23" type="method" name="displayName" visibility="public" complexity="1" crap="1" count="1"/>
        <line num="25" type="stmt" count="1"/>
        <line num="28" type="method" name="description" visibility="public" complexity="1" crap="2" count="0"/>
        <line num="30" type="stmt" count="0"/>
        <line num="33" type="method" name="icon" visibility="public" complexity="1" crap="1" count="2"/>
        <line num="43" type="stmt" count="2"/>
        <line num="46" type="method" name="entry" visibility="public" complexity="1" crap="2" count="0"/>
        <line num="48" type="stmt" count="0"/>
        <metrics loc="51" ncloc="36" classes="1" methods="5" coveredmethods="2" conditionals="0" coveredconditionals="0" statements="5" coveredstatements="2" elements="10" coveredelements="4"/>
      </file>
      <file name="/Users/fabeat/Development/Spora/spora-plugin-typst/src/TypstPlugin.php">
        <class name="Spora\Plugins\Typst\TypstPlugin" namespace="Spora\Plugins\Typst">
          <metrics complexity="8" methods="8" coveredmethods="8" conditionals="0" coveredconditionals="0" statements="57" coveredstatements="57" elements="65" coveredelements="65"/>
        </class>
        <line num="81" type="method" name="getSubscribedEvents" visibility="public" complexity="1" crap="1" count="10"/>
        <line num="83" type="stmt" count="10"/>
        <line num="84" type="stmt" count="10"/>
        <line num="85" type="stmt" count="10"/>
        <line num="86" type="stmt" count="10"/>
        <line num="100" type="method" name="onContainerBuilding" visibility="public" complexity="1" crap="1" count="3"/>
        <line num="102" type="stmt" count="3"/>
        <line num="103" type="stmt" count="3"/>
        <line num="104" type="stmt" count="3"/>
        <line num="105" type="stmt" count="3"/>
        <line num="106" type="stmt" count="3"/>
        <line num="107" type="stmt" count="3"/>
        <line num="108" type="stmt" count="3"/>
        <line num="109" type="stmt" count="3"/>
        <line num="110" type="stmt" count="3"/>
        <line num="111" type="stmt" count="3"/>
        <line num="112" type="stmt" count="3"/>
        <line num="114" type="stmt" count="3"/>
        <line num="115" type="stmt" count="3"/>
        <line num="123" type="method" name="onRoutesRegistering" visibility="public" complexity="1" crap="1" count="1"/>
        <line num="125" type="stmt" count="1"/>
        <line num="128" type="stmt" count="1"/>
        <line num="129" type="stmt" count="1"/>
        <line num="130" type="stmt" count="1"/>
        <line num="131" type="stmt" count="1"/>
        <line num="134" type="stmt" count="1"/>
        <line num="135" type="stmt" count="1"/>
        <line num="136" type="stmt" count="1"/>
        <line num="137" type="stmt" count="1"/>
        <line num="138" type="stmt" count="1"/>
        <line num="141" type="stmt" count="1"/>
        <line num="142" type="stmt" count="1"/>
        <line num="143" type="stmt" count="1"/>
        <line num="144" type="stmt" count="1"/>
        <line num="145" type="stmt" count="1"/>
        <line num="148" type="stmt" count="1"/>
        <line num="149" type="stmt" count="1"/>
        <line num="150" type="stmt" count="1"/>
        <line num="151" type="stmt" count="1"/>
        <line num="159" type="stmt" count="1"/>
        <line num="160" type="stmt" count="1"/>
        <line num="168" type="stmt" count="1"/>
        <line num="169" type="stmt" count="1"/>
        <line num="170" type="stmt" count="1"/>
        <line num="171" type="stmt" count="1"/>
        <line num="172" type="stmt" count="1"/>
        <line num="175" type="method" name="getName" visibility="public" complexity="1" crap="1" count="1"/>
        <line num="177" type="stmt" count="1"/>
        <line num="183" type="method" name="apps" visibility="public" complexity="1" crap="1" count="1"/>
        <line num="185" type="stmt" count="1"/>
        <line num="186" type="stmt" count="1"/>
        <line num="187" type="stmt" count="1"/>
        <line num="193" type="method" name="tools" visibility="public" complexity="1" crap="1" count="1"/>
        <line num="195" type="stmt" count="1"/>
        <line num="196" type="stmt" count="1"/>
        <line num="197" type="stmt" count="1"/>
        <line num="198" type="stmt" count="1"/>
        <line num="204" type="method" name="skillPaths" visibility="public" complexity="1" crap="1" count="1"/>
        <line num="206" type="stmt" count="1"/>
        <line num="207" type="stmt" count="1"/>
        <line num="208" type="stmt" count="1"/>
        <line num="214" type="method" name="agentTemplatePaths" visibility="public" complexity="1" crap="1" count="1"/>
        <line num="216" type="stmt" count="1"/>
        <line num="217" type="stmt" count="1"/>
        <line num="218" type="stmt" count="1"/>
        <metrics loc="221" ncloc="130" classes="1" methods="8" coveredmethods="8" conditionals="0" coveredconditionals="0" statements="57" coveredstatements="57" elements="65" coveredelements="65"/>
      </file>
    </package>
    <metrics files="28" loc="5814" ncloc="3963" classes="34" methods="225" coveredmethods="155" conditionals="0" coveredconditionals="0" statements="1882" coveredstatements="1693" elements="2107" coveredelements="1848"/>
  </project>
</coverage>
